#
# A fatal error has been detected by the Java Runtime Environment:
#
#  Internal Error (assembler_x86.cpp:1094), pid=328, tid=19556
#  Error: ShouldNotReachHere()
#
# JRE version: Java(TM) SE Runtime Environment (17.0.2+8) (build 17.0.2+8-LTS-86)
# Java VM: Java HotSpot(TM) 64-Bit Server VM (17.0.2+8-LTS-86, mixed mode, sharing, tiered, compressed oops, compressed class ptrs, g1 gc, windows-amd64)
# No core dump will be written. Minidumps are not enabled by default on client versions of Windows
#
# If you would like to submit a bug report, please visit:
#   https://bugreport.java.com/bugreport/crash.jsp
#

---------------  S U M M A R Y ------------

Command Line: -javaagent:C:\Program Files\JetBrains\IntelliJ IDEA Community Edition 2021.3.2\lib\idea_rt.jar=55734:C:\Program Files\JetBrains\IntelliJ IDEA Community Edition 2021.3.2\bin -Dfile.encoding=UTF-8 com.NEWKITE.TestClassKite

Host: Intel(R) Core(TM) i5-3210M CPU @ 2.50GHz, 4 cores, 3G,  Windows 10 , 64 bit Build 19041 (10.0.19041.1706)
Time: Sat Jun 25 15:10:04 2022 India Standard Time elapsed time: 4.645430 seconds (0d 0h 0m 4s)

---------------  T H R E A D  ---------------

Current thread (0x0000024efd7c3a10):  GCTaskThread "GC Thread#1" [stack: 0x00000063b6400000,0x00000063b6500000] [id=19556]

Stack: [0x00000063b6400000,0x00000063b6500000]
Native frames: (J=compiled Java code, j=interpreted, Vv=VM code, C=native code)
V  [jvm.dll+0x670baa]
V  [jvm.dll+0x7cfcb4]
V  [jvm.dll+0x7d145e]
V  [jvm.dll+0x7d1a77]
V  [jvm.dll+0x242b2c]
V  [jvm.dll+0x242a73]
V  [jvm.dll+0xcfdec]
V  [jvm.dll+0x6c06a2]
V  [jvm.dll+0x22b926]
V  [jvm.dll+0x22c9e3]
V  [jvm.dll+0x647d98]
V  [jvm.dll+0x67b6b3]
V  [jvm.dll+0x303b23]
V  [jvm.dll+0x7fd27b]
V  [jvm.dll+0x7fd2c6]
V  [jvm.dll+0x77ff7a]
V  [jvm.dll+0x66fa35]
C  [ucrtbase.dll+0x21bb2]
C  [KERNEL32.DLL+0x17034]
C  [ntdll.dll+0x52651]


---------------  P R O C E S S  ---------------

Threads class SMR info:
_java_thread_list=0x0000024efe4c4280, length=22, elements={
0x0000024ef0308e50, 0x0000024ef03ba000, 0x0000024ef03bb5a0, 0x0000024ef03ccee0,
0x0000024ef03cd7a0, 0x0000024ef03ce060, 0x0000024ef03ce920, 0x0000024ef03cf510,
0x0000024ef03d1ed0, 0x0000024ef03de720, 0x0000024ef03a3f00, 0x0000024efd5d30c0,
0x0000024efd5d3590, 0x0000024efe370f30, 0x0000024efdfc71f0, 0x0000024efe4468e0,
0x0000024efe4f2850, 0x0000024efe4af010, 0x0000024efe4b1df0, 0x0000024efe4b27f0,
0x0000024efe431710, 0x0000024efe431be0
}

Java Threads: ( => current thread )
  0x0000024ef0308e50 JavaThread "Forwarding newSession on session null to remote" [_thread_blocked, id=17776, stack(0x00000063b4f00000,0x00000063b5000000)]
  0x0000024ef03ba000 JavaThread "Reference Handler" daemon [_thread_blocked, id=20188, stack(0x00000063b5600000,0x00000063b5700000)]
  0x0000024ef03bb5a0 JavaThread "Finalizer" daemon [_thread_blocked, id=20412, stack(0x00000063b5700000,0x00000063b5800000)]
  0x0000024ef03ccee0 JavaThread "Signal Dispatcher" daemon [_thread_blocked, id=18728, stack(0x00000063b5800000,0x00000063b5900000)]
  0x0000024ef03cd7a0 JavaThread "Attach Listener" daemon [_thread_blocked, id=6236, stack(0x00000063b5900000,0x00000063b5a00000)]
  0x0000024ef03ce060 JavaThread "Service Thread" daemon [_thread_blocked, id=5976, stack(0x00000063b5a00000,0x00000063b5b00000)]
  0x0000024ef03ce920 JavaThread "Monitor Deflation Thread" daemon [_thread_blocked, id=10220, stack(0x00000063b5b00000,0x00000063b5c00000)]
  0x0000024ef03cf510 JavaThread "C2 CompilerThread0" daemon [_thread_blocked, id=14500, stack(0x00000063b5c00000,0x00000063b5d00000)]
  0x0000024ef03d1ed0 JavaThread "C1 CompilerThread0" daemon [_thread_blocked, id=19676, stack(0x00000063b5d00000,0x00000063b5e00000)]
  0x0000024ef03de720 JavaThread "Sweeper thread" daemon [_thread_blocked, id=4648, stack(0x00000063b5e00000,0x00000063b5f00000)]
  0x0000024ef03a3f00 JavaThread "Common-Cleaner" daemon [_thread_blocked, id=17836, stack(0x00000063b5f00000,0x00000063b6000000)]
  0x0000024efd5d30c0 JavaThread "Monitor Ctrl-Break" daemon [_thread_in_native, id=18312, stack(0x00000063b6000000,0x00000063b6100000)]
  0x0000024efd5d3590 JavaThread "Notification Thread" daemon [_thread_blocked, id=10816, stack(0x00000063b6100000,0x00000063b6200000)]
  0x0000024efe370f30 JavaThread "ForkJoinPool.commonPool-worker-1" daemon [_thread_blocked, id=5900, stack(0x00000063b6700000,0x00000063b6800000)]
  0x0000024efdfc71f0 JavaThread "AsyncHttpClient-1-1" daemon [_thread_blocked, id=18920, stack(0x00000063b6300000,0x00000063b6400000)]
  0x0000024efe4468e0 JavaThread "Exec Default Executor" daemon [_thread_in_native, id=16436, stack(0x00000063b6800000,0x00000063b6900000)]
  0x0000024efe4f2850 JavaThread "Driver Service Executor" daemon [_thread_blocked, id=5100, stack(0x00000063b6900000,0x00000063b6a00000)]
  0x0000024efe4af010 JavaThread "Driver Service Executor" daemon [_thread_blocked, id=12244, stack(0x00000063b6a00000,0x00000063b6b00000)]
  0x0000024efe4b1df0 JavaThread "UrlChecker-2" daemon [_thread_blocked, id=19200, stack(0x00000063b6b00000,0x00000063b6c00000)]
  0x0000024efe4b27f0 JavaThread "Exec Stream Pumper" daemon [_thread_in_native, id=17780, stack(0x00000063b6c00000,0x00000063b6d00000)]
  0x0000024efe431710 JavaThread "Exec Stream Pumper" daemon [_thread_in_native, id=4128, stack(0x00000063b6d00000,0x00000063b6e00000)]
  0x0000024efe431be0 JavaThread "Keep-Alive-Timer" daemon [_thread_blocked, id=18700, stack(0x00000063b6f00000,0x00000063b7000000)]

Other Threads:
  0x0000024ef03b2580 VMThread "VM Thread" [stack: 0x00000063b5500000,0x00000063b5600000] [id=15392]
  0x0000024efd5fd070 WatcherThread [stack: 0x00000063b6200000,0x00000063b6300000] [id=3144]
  0x0000024ef0336980 GCTaskThread "GC Thread#0" [stack: 0x00000063b5000000,0x00000063b5100000] [id=18624]
=>0x0000024efd7c3a10 GCTaskThread "GC Thread#1" [stack: 0x00000063b6400000,0x00000063b6500000] [id=19556]
  0x0000024efd866c80 GCTaskThread "GC Thread#2" [stack: 0x00000063b6500000,0x00000063b6600000] [id=16540]
  0x0000024efd866f30 GCTaskThread "GC Thread#3" [stack: 0x00000063b6600000,0x00000063b6700000] [id=19852]
  0x0000024ef0341830 ConcurrentGCThread "G1 Main Marker" [stack: 0x00000063b5100000,0x00000063b5200000] [id=13060]
  0x0000024ef0342150 ConcurrentGCThread "G1 Conc#0" [stack: 0x00000063b5200000,0x00000063b5300000] [id=18060]
  0x0000024ef038f120 ConcurrentGCThread "G1 Refine#0" [stack: 0x00000063b5300000,0x00000063b5400000] [id=8484]
  0x0000024ef038fa50 ConcurrentGCThread "G1 Service" [stack: 0x00000063b5400000,0x00000063b5500000] [id=18816]

Threads with active compile tasks:
C2 CompilerThread0     4682 2103   !   4       jdk.internal.loader.URLClassPath$JarLoader::getResource (354 bytes)
C1 CompilerThread0     4682 2117       3       java.lang.invoke.MethodHandles$Lookup::resolveOrFail (44 bytes)

VM state: at safepoint (normal execution)

VM Mutex/Monitor currently owned by a thread:  ([mutex/lock_event])
[0x0000024ef0306620] Threads_lock - owner thread: 0x0000024ef03b2580
[0x0000024ef0305150] Heap_lock - owner thread: 0x0000024ef0341830

Heap address: 0x00000000c1e00000, size: 994 MB, Compressed Oops mode: 32-bit

CDS archive(s) mapped at: [0x0000000800000000-0x0000000800bc0000-0x0000000800bc0000), size 12320768, SharedBaseAddress: 0x0000000800000000, ArchiveRelocationMode: 0.
Compressed class space mapped at: 0x0000000800c00000-0x0000000840c00000, reserved size: 1073741824
Narrow klass base: 0x0000000800000000, Narrow klass shift: 0, Narrow klass range: 0x100000000

GC Precious Log:
 CPUs: 4 total, 4 available
 Memory: 3969M
 Large Page Support: Disabled
 NUMA Support: Disabled
 Compressed Oops: Enabled (32-bit)
 Heap Region Size: 1M
 Heap Min Capacity: 8M
 Heap Initial Capacity: 64M
 Heap Max Capacity: 994M
 Pre-touch: Disabled
 Parallel Workers: 4
 Concurrent Workers: 1
 Concurrent Refinement Workers: 4
 Periodic GC: Disabled

Heap:
 garbage-first heap   total 80896K, used 20329K [0x00000000c1e00000, 0x0000000100000000)
  region size 1024K, 5 young (5120K), 4 survivors (4096K)
 Metaspace       used 21418K, committed 21632K, reserved 1073152K
  class space    used 2558K, committed 2688K, reserved 1048576K

Heap Regions: E=young(eden), S=young(survivor), O=old, HS=humongous(starts), HC=humongous(continues), CS=collection set, F=free, OA=open archive, CA=closed archive, TAMS=top-at-mark-start (previous, next)
|   0|0x00000000c1e00000, 0x00000000c1f00000, 0x00000000c1f00000|100%|HS|  |TAMS 0x00000000c1e00000, 0x00000000c1f00000| Complete 
|   1|0x00000000c1f00000, 0x00000000c2000000, 0x00000000c2000000|100%|HC|  |TAMS 0x00000000c1f00000, 0x00000000c2000000| Complete 
|   2|0x00000000c2000000, 0x00000000c2100000, 0x00000000c2100000|100%|HS|  |TAMS 0x00000000c2000000, 0x00000000c2100000| Complete 
|   3|0x00000000c2100000, 0x00000000c2200000, 0x00000000c2200000|100%|HS|  |TAMS 0x00000000c2100000, 0x00000000c2200000| Complete 
|   4|0x00000000c2200000, 0x00000000c2300000, 0x00000000c2300000|100%|HC|  |TAMS 0x00000000c2200000, 0x00000000c2300000| Complete 
|   5|0x00000000c2300000, 0x00000000c2400000, 0x00000000c2400000|100%| O|  |TAMS 0x00000000c2300000, 0x00000000c2400000| Untracked 
|   6|0x00000000c2400000, 0x00000000c2500000, 0x00000000c2500000|100%| O|  |TAMS 0x00000000c2400000, 0x00000000c2500000| Untracked 
|   7|0x00000000c2500000, 0x00000000c2600000, 0x00000000c2600000|100%| O|  |TAMS 0x00000000c2500000, 0x00000000c2600000| Untracked 
|   8|0x00000000c2600000, 0x00000000c2700000, 0x00000000c2700000|100%| O|  |TAMS 0x00000000c2600000, 0x00000000c2700000| Untracked 
|   9|0x00000000c2700000, 0x00000000c2800000, 0x00000000c2800000|100%| O|  |TAMS 0x00000000c2700000, 0x00000000c2800000| Untracked 
|  10|0x00000000c2800000, 0x00000000c2900000, 0x00000000c2900000|100%| O|  |TAMS 0x00000000c2800000, 0x00000000c2900000| Untracked 
|  11|0x00000000c2900000, 0x00000000c2a00000, 0x00000000c2a00000|100%| O|  |TAMS 0x00000000c2900000, 0x00000000c2a00000| Untracked 
|  12|0x00000000c2a00000, 0x00000000c2b00000, 0x00000000c2b00000|100%| O|  |TAMS 0x00000000c2a00000, 0x00000000c2b00000| Untracked 
|  13|0x00000000c2b00000, 0x00000000c2c00000, 0x00000000c2c00000|100%| O|  |TAMS 0x00000000c2b00000, 0x00000000c2c00000| Untracked 
|  14|0x00000000c2c00000, 0x00000000c2d00000, 0x00000000c2d00000|100%| O|  |TAMS 0x00000000c2c00000, 0x00000000c2c9b000| Untracked 
|  15|0x00000000c2d00000, 0x00000000c2dda600, 0x00000000c2e00000| 85%| O|  |TAMS 0x00000000c2d00000, 0x00000000c2d00000| Untracked 
|  16|0x00000000c2e00000, 0x00000000c2e00000, 0x00000000c2f00000|  0%| F|  |TAMS 0x00000000c2e00000, 0x00000000c2e00000| Untracked 
|  17|0x00000000c2f00000, 0x00000000c2f00000, 0x00000000c3000000|  0%| F|  |TAMS 0x00000000c2f00000, 0x00000000c2f00000| Untracked 
|  18|0x00000000c3000000, 0x00000000c3000000, 0x00000000c3100000|  0%| F|  |TAMS 0x00000000c3000000, 0x00000000c3000000| Untracked 
|  19|0x00000000c3100000, 0x00000000c3100000, 0x00000000c3200000|  0%| F|  |TAMS 0x00000000c3100000, 0x00000000c3100000| Untracked 
|  20|0x00000000c3200000, 0x00000000c3200000, 0x00000000c3300000|  0%| F|  |TAMS 0x00000000c3200000, 0x00000000c3200000| Untracked 
|  21|0x00000000c3300000, 0x00000000c3300000, 0x00000000c3400000|  0%| F|  |TAMS 0x00000000c3300000, 0x00000000c3300000| Untracked 
|  22|0x00000000c3400000, 0x00000000c3400000, 0x00000000c3500000|  0%| F|  |TAMS 0x00000000c3400000, 0x00000000c3400000| Untracked 
|  23|0x00000000c3500000, 0x00000000c3500000, 0x00000000c3600000|  0%| F|  |TAMS 0x00000000c3500000, 0x00000000c3500000| Untracked 
|  24|0x00000000c3600000, 0x00000000c3600000, 0x00000000c3700000|  0%| F|  |TAMS 0x00000000c3600000, 0x00000000c3600000| Untracked 
|  25|0x00000000c3700000, 0x00000000c3700000, 0x00000000c3800000|  0%| F|  |TAMS 0x00000000c3700000, 0x00000000c3700000| Untracked 
|  26|0x00000000c3800000, 0x00000000c3800000, 0x00000000c3900000|  0%| F|  |TAMS 0x00000000c3800000, 0x00000000c3800000| Untracked 
|  27|0x00000000c3900000, 0x00000000c3900000, 0x00000000c3a00000|  0%| F|  |TAMS 0x00000000c3900000, 0x00000000c3900000| Untracked 
|  28|0x00000000c3a00000, 0x00000000c3a00000, 0x00000000c3b00000|  0%| F|  |TAMS 0x00000000c3a00000, 0x00000000c3a00000| Untracked 
|  29|0x00000000c3b00000, 0x00000000c3b00000, 0x00000000c3c00000|  0%| F|  |TAMS 0x00000000c3b00000, 0x00000000c3b00000| Untracked 
|  30|0x00000000c3c00000, 0x00000000c3c00000, 0x00000000c3d00000|  0%| F|  |TAMS 0x00000000c3c00000, 0x00000000c3c00000| Untracked 
|  31|0x00000000c3d00000, 0x00000000c3d00000, 0x00000000c3e00000|  0%| F|  |TAMS 0x00000000c3d00000, 0x00000000c3d00000| Untracked 
|  32|0x00000000c3e00000, 0x00000000c3e00000, 0x00000000c3f00000|  0%| F|  |TAMS 0x00000000c3e00000, 0x00000000c3e00000| Untracked 
|  33|0x00000000c3f00000, 0x00000000c3f00000, 0x00000000c4000000|  0%| F|  |TAMS 0x00000000c3f00000, 0x00000000c3f00000| Untracked 
|  34|0x00000000c4000000, 0x00000000c4000000, 0x00000000c4100000|  0%| F|  |TAMS 0x00000000c4000000, 0x00000000c4000000| Untracked 
|  35|0x00000000c4100000, 0x00000000c4100000, 0x00000000c4200000|  0%| F|  |TAMS 0x00000000c4100000, 0x00000000c4100000| Untracked 
|  36|0x00000000c4200000, 0x00000000c4200000, 0x00000000c4300000|  0%| F|  |TAMS 0x00000000c4200000, 0x00000000c4200000| Untracked 
|  37|0x00000000c4300000, 0x00000000c4300000, 0x00000000c4400000|  0%| F|  |TAMS 0x00000000c4300000, 0x00000000c4300000| Untracked 
|  38|0x00000000c4400000, 0x00000000c4400000, 0x00000000c4500000|  0%| F|  |TAMS 0x00000000c4400000, 0x00000000c4400000| Untracked 
|  39|0x00000000c4500000, 0x00000000c4500000, 0x00000000c4600000|  0%| F|  |TAMS 0x00000000c4500000, 0x00000000c4500000| Untracked 
|  40|0x00000000c4600000, 0x00000000c4600000, 0x00000000c4700000|  0%| F|  |TAMS 0x00000000c4600000, 0x00000000c4600000| Untracked 
|  41|0x00000000c4700000, 0x00000000c4700000, 0x00000000c4800000|  0%| F|  |TAMS 0x00000000c4700000, 0x00000000c4700000| Untracked 
|  42|0x00000000c4800000, 0x00000000c4900000, 0x00000000c4900000|100%| S|CS|TAMS 0x00000000c4800000, 0x00000000c4800000| Complete 
|  43|0x00000000c4900000, 0x00000000c4a00000, 0x00000000c4a00000|100%| S|CS|TAMS 0x00000000c4900000, 0x00000000c4900000| Complete 
|  44|0x00000000c4a00000, 0x00000000c4b00000, 0x00000000c4b00000|100%| S|CS|TAMS 0x00000000c4a00000, 0x00000000c4a00000| Complete 
|  45|0x00000000c4b00000, 0x00000000c4c00000, 0x00000000c4c00000|100%| S|CS|TAMS 0x00000000c4b00000, 0x00000000c4b00000| Complete 
|  46|0x00000000c4c00000, 0x00000000c4c00000, 0x00000000c4d00000|  0%| F|  |TAMS 0x00000000c4c00000, 0x00000000c4c00000| Untracked 
|  47|0x00000000c4d00000, 0x00000000c4d00000, 0x00000000c4e00000|  0%| F|  |TAMS 0x00000000c4d00000, 0x00000000c4d00000| Untracked 
|  48|0x00000000c4e00000, 0x00000000c4e00000, 0x00000000c4f00000|  0%| F|  |TAMS 0x00000000c4e00000, 0x00000000c4e00000| Untracked 
|  49|0x00000000c4f00000, 0x00000000c4f00000, 0x00000000c5000000|  0%| F|  |TAMS 0x00000000c4f00000, 0x00000000c4f00000| Untracked 
|  50|0x00000000c5000000, 0x00000000c5000000, 0x00000000c5100000|  0%| F|  |TAMS 0x00000000c5000000, 0x00000000c5000000| Untracked 
|  51|0x00000000c5100000, 0x00000000c5100000, 0x00000000c5200000|  0%| F|  |TAMS 0x00000000c5100000, 0x00000000c5100000| Untracked 
|  52|0x00000000c5200000, 0x00000000c5200000, 0x00000000c5300000|  0%| F|  |TAMS 0x00000000c5200000, 0x00000000c5200000| Untracked 
|  53|0x00000000c5300000, 0x00000000c5300000, 0x00000000c5400000|  0%| F|  |TAMS 0x00000000c5300000, 0x00000000c5300000| Untracked 
|  54|0x00000000c5400000, 0x00000000c5400000, 0x00000000c5500000|  0%| F|  |TAMS 0x00000000c5400000, 0x00000000c5400000| Untracked 
|  55|0x00000000c5500000, 0x00000000c5500000, 0x00000000c5600000|  0%| F|  |TAMS 0x00000000c5500000, 0x00000000c5500000| Untracked 
|  56|0x00000000c5600000, 0x00000000c5600000, 0x00000000c5700000|  0%| F|  |TAMS 0x00000000c5600000, 0x00000000c5600000| Untracked 
|  57|0x00000000c5700000, 0x00000000c5700000, 0x00000000c5800000|  0%| F|  |TAMS 0x00000000c5700000, 0x00000000c5700000| Untracked 
|  58|0x00000000c5800000, 0x00000000c5800000, 0x00000000c5900000|  0%| F|  |TAMS 0x00000000c5800000, 0x00000000c5800000| Untracked 
|  59|0x00000000c5900000, 0x00000000c5900000, 0x00000000c5a00000|  0%| F|  |TAMS 0x00000000c5900000, 0x00000000c5900000| Untracked 
|  60|0x00000000c5a00000, 0x00000000c5a00000, 0x00000000c5b00000|  0%| F|  |TAMS 0x00000000c5a00000, 0x00000000c5a00000| Untracked 
|  61|0x00000000c5b00000, 0x00000000c5b00000, 0x00000000c5c00000|  0%| F|  |TAMS 0x00000000c5b00000, 0x00000000c5b00000| Untracked 
|  62|0x00000000c5c00000, 0x00000000c5c00000, 0x00000000c5d00000|  0%| F|  |TAMS 0x00000000c5c00000, 0x00000000c5c00000| Untracked 
|  63|0x00000000c5d00000, 0x00000000c5d00000, 0x00000000c5e00000|  0%| F|  |TAMS 0x00000000c5d00000, 0x00000000c5d00000| Untracked 
|  64|0x00000000c5e00000, 0x00000000c5e00000, 0x00000000c5f00000|  0%| F|  |TAMS 0x00000000c5e00000, 0x00000000c5e00000| Untracked 
|  65|0x00000000c5f00000, 0x00000000c5f00000, 0x00000000c6000000|  0%| F|  |TAMS 0x00000000c5f00000, 0x00000000c5f00000| Untracked 
|  66|0x00000000c6000000, 0x00000000c6000000, 0x00000000c6100000|  0%| F|  |TAMS 0x00000000c6000000, 0x00000000c6000000| Untracked 
|  67|0x00000000c6100000, 0x00000000c6100000, 0x00000000c6200000|  0%| F|  |TAMS 0x00000000c6100000, 0x00000000c6100000| Untracked 
|  68|0x00000000c6200000, 0x00000000c6200000, 0x00000000c6300000|  0%| F|  |TAMS 0x00000000c6200000, 0x00000000c6200000| Untracked 
|  69|0x00000000c6300000, 0x00000000c6300000, 0x00000000c6400000|  0%| F|  |TAMS 0x00000000c6300000, 0x00000000c6300000| Untracked 
|  70|0x00000000c6400000, 0x00000000c6400000, 0x00000000c6500000|  0%| F|  |TAMS 0x00000000c6400000, 0x00000000c6400000| Untracked 
|  71|0x00000000c6500000, 0x00000000c6500000, 0x00000000c6600000|  0%| F|  |TAMS 0x00000000c6500000, 0x00000000c6500000| Untracked 
|  72|0x00000000c6600000, 0x00000000c6600000, 0x00000000c6700000|  0%| F|  |TAMS 0x00000000c6600000, 0x00000000c6600000| Untracked 
|  73|0x00000000c6700000, 0x00000000c6700000, 0x00000000c6800000|  0%| F|  |TAMS 0x00000000c6700000, 0x00000000c6700000| Untracked 
|  74|0x00000000c6800000, 0x00000000c6800000, 0x00000000c6900000|  0%| F|  |TAMS 0x00000000c6800000, 0x00000000c6800000| Untracked 
|  75|0x00000000c6900000, 0x00000000c6900000, 0x00000000c6a00000|  0%| F|  |TAMS 0x00000000c6900000, 0x00000000c6900000| Untracked 
|  76|0x00000000c6a00000, 0x00000000c6a00000, 0x00000000c6b00000|  0%| F|  |TAMS 0x00000000c6a00000, 0x00000000c6a00000| Untracked 
|  77|0x00000000c6b00000, 0x00000000c6b00000, 0x00000000c6c00000|  0%| F|  |TAMS 0x00000000c6b00000, 0x00000000c6b00000| Untracked 
|  78|0x00000000c6c00000, 0x00000000c6c80000, 0x00000000c6d00000| 50%| E|  |TAMS 0x00000000c6c00000, 0x00000000c6c00000| Complete 

Card table byte_map: [0x0000024ef7d60000,0x0000024ef7f60000] _byte_map_base: 0x0000024ef7751000

Marking Bits (Prev, Next): (CMBitMap*) 0x0000024ef03392c0, (CMBitMap*) 0x0000024ef0339300
 Prev Bits: [0x0000024ef8160000, 0x0000024ef90e8000)
 Next Bits: [0x0000024ef90f0000, 0x0000024efa078000)

Polling page: 0x0000024eee280000

Metaspace:

Usage:
  Non-class:     18.42 MB used.
      Class:      2.50 MB used.
       Both:     20.92 MB used.

Virtual space:
  Non-class space:       24.00 MB reserved,      18.50 MB ( 77%) committed,  3 nodes.
      Class space:        1.00 GB reserved,       2.62 MB ( <1%) committed,  1 nodes.
             Both:        1.02 GB reserved,      21.12 MB (  2%) committed. 

Chunk freelists:
   Non-Class:  640.00 KB
       Class:  1.35 MB
        Both:  1.98 MB

MaxMetaspaceSize: unlimited
CompressedClassSpaceSize: 1.00 GB
Initial GC threshold: 21.00 MB
Current GC threshold: 21.31 MB
CDS: on
MetaspaceReclaimPolicy: balanced
 - commit_granule_bytes: 65536.
 - commit_granule_words: 8192.
 - virtual_space_node_default_size: 1048576.
 - enlarge_chunks_in_place: 1.
 - new_chunks_are_fully_committed: 0.
 - uncommit_free_chunks: 1.
 - use_allocation_guard: 0.
 - handle_deallocations: 1.


Internal statistics:

num_allocs_failed_limit: 3.
num_arena_births: 152.
num_arena_deaths: 0.
num_vsnodes_births: 4.
num_vsnodes_deaths: 0.
num_space_committed: 338.
num_space_uncommitted: 0.
num_chunks_returned_to_freelist: 3.
num_chunks_taken_from_freelist: 679.
num_chunk_merges: 3.
num_chunk_splits: 478.
num_chunks_enlarged: 374.
num_purges: 0.
num_inconsistent_stats: 0.

CodeHeap 'non-profiled nmethods': size=120000Kb used=827Kb max_used=827Kb free=119172Kb
 bounds [0x0000024e87ad0000, 0x0000024e87d40000, 0x0000024e8f000000]
CodeHeap 'profiled nmethods': size=120000Kb used=4375Kb max_used=4375Kb free=115624Kb
 bounds [0x0000024e805a0000, 0x0000024e809f0000, 0x0000024e87ad0000]
CodeHeap 'non-nmethods': size=5760Kb used=1257Kb max_used=1279Kb free=4502Kb
 bounds [0x0000024e80000000, 0x0000024e80270000, 0x0000024e805a0000]
 total_blobs=2685 nmethods=2111 adapters=487
 compilation: enabled
              stopped_count=0, restarted_count=0
 full_count=0

Compilation events (20 events):
Event: 4.610 Thread 0x0000024ef03cf510 2103   !   4       jdk.internal.loader.URLClassPath$JarLoader::getResource (354 bytes)
Event: 4.621 Thread 0x0000024ef03d1ed0 2104       3       java.lang.invoke.MethodHandleNatives$CallSiteContext::run (5 bytes)
Event: 4.621 Thread 0x0000024ef03d1ed0 nmethod 2104 0x0000024e809e0c90 code [0x0000024e809e0e20, 0x0000024e809e0f48]
Event: 4.627 Thread 0x0000024ef03d1ed0 2108       3       java.util.ArrayDeque::add (7 bytes)
Event: 4.627 Thread 0x0000024ef03d1ed0 nmethod 2108 0x0000024e809e1010 code [0x0000024e809e11a0, 0x0000024e809e1368]
Event: 4.630 Thread 0x0000024ef03d1ed0 2109       3       sun.reflect.generics.parser.SignatureParser::current (59 bytes)
Event: 4.631 Thread 0x0000024ef03d1ed0 nmethod 2109 0x0000024e809e1410 code [0x0000024e809e1620, 0x0000024e809e1cf8]
Event: 4.631 Thread 0x0000024ef03d1ed0 2110       3       sun.reflect.generics.parser.SignatureParser::advance (53 bytes)
Event: 4.631 Thread 0x0000024ef03d1ed0 nmethod 2110 0x0000024e809e1f90 code [0x0000024e809e2140, 0x0000024e809e2398]
Event: 4.631 Thread 0x0000024ef03d1ed0 2111       3       java.lang.Character::isWhitespace (5 bytes)
Event: 4.632 Thread 0x0000024ef03d1ed0 nmethod 2111 0x0000024e809e2490 code [0x0000024e809e2640, 0x0000024e809e2898]
Event: 4.632 Thread 0x0000024ef03d1ed0 2112       3       java.lang.CharacterDataLatin1::isWhitespace (23 bytes)
Event: 4.632 Thread 0x0000024ef03d1ed0 nmethod 2112 0x0000024e809e2990 code [0x0000024e809e2b40, 0x0000024e809e2d58]
Event: 4.635 Thread 0x0000024ef03d1ed0 2114   !   3       java.util.concurrent.ConcurrentHashMap::replaceNode (437 bytes)
Event: 4.638 Thread 0x0000024ef03d1ed0 nmethod 2114 0x0000024e809e2e90 code [0x0000024e809e31e0, 0x0000024e809e4ab8]
Event: 4.638 Thread 0x0000024ef03d1ed0 2115       3       java.util.concurrent.ConcurrentHashMap::remove (8 bytes)
Event: 4.638 Thread 0x0000024ef03d1ed0 nmethod 2115 0x0000024e809e5790 code [0x0000024e809e5940, 0x0000024e809e5a88]
Event: 4.638 Thread 0x0000024ef03d1ed0 2116       3       java.util.stream.StreamOpFlag::isKnown (19 bytes)
Event: 4.638 Thread 0x0000024ef03d1ed0 nmethod 2116 0x0000024e809e5b10 code [0x0000024e809e5ca0, 0x0000024e809e5e18]
Event: 4.639 Thread 0x0000024ef03d1ed0 2117       3       java.lang.invoke.MethodHandles$Lookup::resolveOrFail (44 bytes)

GC Heap History (12 events):
Event: 0.758 GC heap before
{Heap before GC invocations=0 (full 0):
 garbage-first heap   total 65536K, used 18432K [0x00000000c1e00000, 0x0000000100000000)
  region size 1024K, 13 young (13312K), 0 survivors (0K)
 Metaspace       used 1823K, committed 1984K, reserved 1056768K
  class space    used 159K, committed 256K, reserved 1048576K
}
Event: 0.766 GC heap after
{Heap after GC invocations=1 (full 0):
 garbage-first heap   total 65536K, used 12737K [0x00000000c1e00000, 0x0000000100000000)
  region size 1024K, 2 young (2048K), 2 survivors (2048K)
 Metaspace       used 1823K, committed 1984K, reserved 1056768K
  class space    used 159K, committed 256K, reserved 1048576K
}
Event: 1.837 GC heap before
{Heap before GC invocations=1 (full 0):
 garbage-first heap   total 65536K, used 22977K [0x00000000c1e00000, 0x0000000100000000)
  region size 1024K, 12 young (12288K), 2 survivors (2048K)
 Metaspace       used 5561K, committed 5760K, reserved 1056768K
  class space    used 549K, committed 640K, reserved 1048576K
}
Event: 1.845 GC heap after
{Heap after GC invocations=2 (full 0):
 garbage-first heap   total 65536K, used 15060K [0x00000000c1e00000, 0x0000000100000000)
  region size 1024K, 2 young (2048K), 2 survivors (2048K)
 Metaspace       used 5561K, committed 5760K, reserved 1056768K
  class space    used 549K, committed 640K, reserved 1048576K
}
Event: 2.359 GC heap before
{Heap before GC invocations=2 (full 0):
 garbage-first heap   total 65536K, used 31444K [0x00000000c1e00000, 0x0000000100000000)
  region size 1024K, 19 young (19456K), 2 survivors (2048K)
 Metaspace       used 8233K, committed 8448K, reserved 1056768K
  class space    used 892K, committed 1024K, reserved 1048576K
}
Event: 2.365 GC heap after
{Heap after GC invocations=3 (full 0):
 garbage-first heap   total 65536K, used 15830K [0x00000000c1e00000, 0x0000000100000000)
  region size 1024K, 1 young (1024K), 1 survivors (1024K)
 Metaspace       used 8233K, committed 8448K, reserved 1056768K
  class space    used 892K, committed 1024K, reserved 1048576K
}
Event: 2.426 GC heap before
{Heap before GC invocations=3 (full 0):
 garbage-first heap   total 65536K, used 40406K [0x00000000c1e00000, 0x0000000100000000)
  region size 1024K, 25 young (25600K), 1 survivors (1024K)
 Metaspace       used 8234K, committed 8448K, reserved 1056768K
  class space    used 892K, committed 1024K, reserved 1048576K
}
Event: 2.432 GC heap after
{Heap after GC invocations=4 (full 0):
 garbage-first heap   total 65536K, used 16431K [0x00000000c1e00000, 0x0000000100000000)
  region size 1024K, 2 young (2048K), 2 survivors (2048K)
 Metaspace       used 8234K, committed 8448K, reserved 1056768K
  class space    used 892K, committed 1024K, reserved 1048576K
}
Event: 3.223 GC heap before
{Heap before GC invocations=4 (full 0):
 garbage-first heap   total 65536K, used 45103K [0x00000000c1e00000, 0x0000000100000000)
  region size 1024K, 30 young (30720K), 2 survivors (2048K)
 Metaspace       used 14195K, committed 14400K, reserved 1064960K
  class space    used 1697K, committed 1792K, reserved 1048576K
}
Event: 3.233 GC heap after
{Heap after GC invocations=5 (full 0):
 garbage-first heap   total 65536K, used 18028K [0x00000000c1e00000, 0x0000000100000000)
  region size 1024K, 3 young (3072K), 3 survivors (3072K)
 Metaspace       used 14195K, committed 14400K, reserved 1064960K
  class space    used 1697K, committed 1792K, reserved 1048576K
}
Event: 4.610 GC heap before
{Heap before GC invocations=5 (full 0):
 garbage-first heap   total 65536K, used 35436K [0x00000000c1e00000, 0x0000000100000000)
  region size 1024K, 21 young (21504K), 3 survivors (3072K)
 Metaspace       used 21288K, committed 21504K, reserved 1073152K
  class space    used 2534K, committed 2688K, reserved 1048576K
}
Event: 4.621 GC heap after
{Heap after GC invocations=6 (full 0):
 garbage-first heap   total 80896K, used 20329K [0x00000000c1e00000, 0x0000000100000000)
  region size 1024K, 4 young (4096K), 4 survivors (4096K)
 Metaspace       used 21288K, committed 21504K, reserved 1073152K
  class space    used 2534K, committed 2688K, reserved 1048576K
}

Deoptimization events (20 events):
Event: 3.480 Thread 0x0000024ef0308e50 DEOPT PACKING pc=0x0000024e80936fbe sp=0x00000063b4ffd6d0
Event: 3.480 Thread 0x0000024ef0308e50 DEOPT UNPACKING pc=0x0000024e80052b43 sp=0x00000063b4ffcb50 mode 0
Event: 3.480 Thread 0x0000024ef0308e50 DEOPT PACKING pc=0x0000024e80936fbe sp=0x00000063b4ffd6d0
Event: 3.480 Thread 0x0000024ef0308e50 DEOPT UNPACKING pc=0x0000024e80052b43 sp=0x00000063b4ffcb50 mode 0
Event: 3.480 Thread 0x0000024ef0308e50 DEOPT PACKING pc=0x0000024e80936fbe sp=0x00000063b4ffd6d0
Event: 3.480 Thread 0x0000024ef0308e50 DEOPT UNPACKING pc=0x0000024e80052b43 sp=0x00000063b4ffcb50 mode 0
Event: 3.480 Thread 0x0000024ef0308e50 DEOPT PACKING pc=0x0000024e80936fbe sp=0x00000063b4ffd6d0
Event: 3.480 Thread 0x0000024ef0308e50 DEOPT UNPACKING pc=0x0000024e80052b43 sp=0x00000063b4ffcb50 mode 0
Event: 3.480 Thread 0x0000024ef0308e50 DEOPT PACKING pc=0x0000024e80936fbe sp=0x00000063b4ffd6d0
Event: 3.480 Thread 0x0000024ef0308e50 DEOPT UNPACKING pc=0x0000024e80052b43 sp=0x00000063b4ffcb50 mode 0
Event: 3.480 Thread 0x0000024ef0308e50 DEOPT PACKING pc=0x0000024e80936fbe sp=0x00000063b4ffd6d0
Event: 3.481 Thread 0x0000024ef0308e50 DEOPT UNPACKING pc=0x0000024e80052b43 sp=0x00000063b4ffcb50 mode 0
Event: 3.809 Thread 0x0000024ef0308e50 Uncommon trap: trap_request=0xffffff45 fr.pc=0x0000024e87b9219c relative=0x000000000000015c
Event: 3.809 Thread 0x0000024ef0308e50 Uncommon trap: reason=unstable_if action=reinterpret pc=0x0000024e87b9219c method=java.lang.invoke.VarHandle.checkExactAccessMode(Ljava/lang/invoke/VarHandle$AccessDescriptor;)V @ 4 c2
Event: 3.809 Thread 0x0000024ef0308e50 DEOPT PACKING pc=0x0000024e87b9219c sp=0x00000063b4ffe200
Event: 3.809 Thread 0x0000024ef0308e50 DEOPT UNPACKING pc=0x0000024e800523a3 sp=0x00000063b4ffe140 mode 2
Event: 3.851 Thread 0x0000024ef0308e50 Uncommon trap: trap_request=0xffffff45 fr.pc=0x0000024e87b5af74 relative=0x0000000000000554
Event: 3.851 Thread 0x0000024ef0308e50 Uncommon trap: reason=unstable_if action=reinterpret pc=0x0000024e87b5af74 method=java.lang.String.replace(CC)Ljava/lang/String; @ 2 c2
Event: 3.851 Thread 0x0000024ef0308e50 DEOPT PACKING pc=0x0000024e87b5af74 sp=0x00000063b4ffeca0
Event: 3.851 Thread 0x0000024ef0308e50 DEOPT UNPACKING pc=0x0000024e800523a3 sp=0x00000063b4ffec50 mode 2

Classes unloaded (0 events):
No events

Classes redefined (0 events):
No events

Internal exceptions (20 events):
Event: 3.778 Thread 0x0000024ef0308e50 Exception <a 'java/lang/NoSuchMethodError'{0x00000000c50812b0}: 'java.lang.Object java.lang.invoke.DirectMethodHandle$Holder.invokeInterface(java.lang.Object, java.lang.Object, java.lang.Object, java.lang.Object)'> (0x00000000c50812b0) 
thrown [t:\workspace\open\src\hotspot\share\interpreter\linkResolver.cpp, line 766]
Event: 3.781 Thread 0x0000024ef0308e50 Exception <a 'java/lang/NoSuchMethodError'{0x00000000c5092980}: 'java.lang.Object java.lang.invoke.DirectMethodHandle$Holder.invokeVirtual(java.lang.Object, java.lang.Object, java.lang.Object)'> (0x00000000c5092980) 
thrown [t:\workspace\open\src\hotspot\share\interpreter\linkResolver.cpp, line 766]
Event: 3.870 Thread 0x0000024efe4468e0 Exception <a 'java/lang/NoSuchMethodError'{0x00000000c4d0d118}: 'void java.lang.invoke.DirectMethodHandle$Holder.invokeStatic(java.lang.Object, long)'> (0x00000000c4d0d118) 
thrown [t:\workspace\open\src\hotspot\share\interpreter\linkResolver.cpp, line 766]
Event: 3.871 Thread 0x0000024efe4468e0 Exception <a 'java/lang/NoSuchMethodError'{0x00000000c4d12638}: 'java.lang.Object java.lang.invoke.DirectMethodHandle$Holder.newInvokeSpecial(java.lang.Object, long)'> (0x00000000c4d12638) 
thrown [t:\workspace\open\src\hotspot\share\interpreter\linkResolver.cpp, line 766]
Event: 3.881 Thread 0x0000024efe4468e0 Exception <a 'java/lang/NoSuchMethodError'{0x00000000c4d1c8a8}: 'java.lang.Object java.lang.invoke.DirectMethodHandle$Holder.invokeStaticInit(java.lang.Object, java.lang.Object, long, java.lang.Object)'> (0x00000000c4d1c8a8) 
thrown [t:\workspace\open\src\hotspot\share\interpreter\linkResolver.cpp, line 766]
Event: 3.882 Thread 0x0000024efe4468e0 Exception <a 'java/lang/NoSuchMethodError'{0x00000000c4d22930}: 'java.lang.Object java.lang.invoke.DirectMethodHandle$Holder.newInvokeSpecial(java.lang.Object, java.lang.Object, long)'> (0x00000000c4d22930) 
thrown [t:\workspace\open\src\hotspot\share\interpreter\linkResolver.cpp, line 766]
Event: 3.883 Thread 0x0000024efe4468e0 Exception <a 'java/lang/NoSuchMethodError'{0x00000000c4d264a0}: 'java.lang.Object java.lang.invoke.Invokers$Holder.linkToTargetMethod(java.lang.Object, long, java.lang.Object)'> (0x00000000c4d264a0) 
thrown [t:\workspace\open\src\hotspot\share\interpreter\linkResolver.cpp, line 766]
Event: 3.909 Thread 0x0000024efe4b1df0 Exception <a 'java/net/ConnectException'{0x00000000c4d97bb8}: Connection refused: no further information> (0x00000000c4d97bb8) 
thrown [t:\workspace\open\src\hotspot\share\prims\jni.cpp, line 535]
Event: 3.909 Thread 0x0000024efe4b1df0 Exception <a 'java/net/SocketException'{0x00000000c4d97ef0}: Socket is not connected: shutdown> (0x00000000c4d97ef0) 
thrown [t:\workspace\open\src\hotspot\share\prims\jni.cpp, line 535]
Event: 3.921 Thread 0x0000024efe4b1df0 Exception <a 'java/net/ConnectException'{0x00000000c4d98f58}: Connection refused: no further information> (0x00000000c4d98f58) 
thrown [t:\workspace\open\src\hotspot\share\prims\jni.cpp, line 535]
Event: 3.921 Thread 0x0000024efe4b1df0 Exception <a 'java/net/SocketException'{0x00000000c4d99290}: Socket is not connected: shutdown> (0x00000000c4d99290) 
thrown [t:\workspace\open\src\hotspot\share\prims\jni.cpp, line 535]
Event: 3.952 Thread 0x0000024efe4b1df0 Exception <a 'java/net/ConnectException'{0x00000000c4d9a228}: Connection refused: no further information> (0x00000000c4d9a228) 
thrown [t:\workspace\open\src\hotspot\share\prims\jni.cpp, line 535]
Event: 3.952 Thread 0x0000024efe4b1df0 Exception <a 'java/net/SocketException'{0x00000000c4d9a560}: Socket is not connected: shutdown> (0x00000000c4d9a560) 
thrown [t:\workspace\open\src\hotspot\share\prims\jni.cpp, line 535]
Event: 3.999 Thread 0x0000024efe4b1df0 Exception <a 'java/net/ConnectException'{0x00000000c4d9b4f8}: Connection refused: no further information> (0x00000000c4d9b4f8) 
thrown [t:\workspace\open\src\hotspot\share\prims\jni.cpp, line 535]
Event: 3.999 Thread 0x0000024efe4b1df0 Exception <a 'java/net/SocketException'{0x00000000c4d9b830}: Socket is not connected: shutdown> (0x00000000c4d9b830) 
thrown [t:\workspace\open\src\hotspot\share\prims\jni.cpp, line 535]
Event: 4.092 Thread 0x0000024efe4b1df0 Exception <a 'java/net/ConnectException'{0x00000000c4d9c7c8}: Connection refused: no further information> (0x00000000c4d9c7c8) 
thrown [t:\workspace\open\src\hotspot\share\prims\jni.cpp, line 535]
Event: 4.093 Thread 0x0000024efe4b1df0 Exception <a 'java/net/SocketException'{0x00000000c4d9cb00}: Socket is not connected: shutdown> (0x00000000c4d9cb00) 
thrown [t:\workspace\open\src\hotspot\share\prims\jni.cpp, line 535]
Event: 4.268 Thread 0x0000024efe4b1df0 Exception <a 'java/net/ConnectException'{0x00000000c4d9da98}: Connection refused: no further information> (0x00000000c4d9da98) 
thrown [t:\workspace\open\src\hotspot\share\prims\jni.cpp, line 535]
Event: 4.268 Thread 0x0000024efe4b1df0 Exception <a 'java/net/SocketException'{0x00000000c4d9ddd0}: Socket is not connected: shutdown> (0x00000000c4d9ddd0) 
thrown [t:\workspace\open\src\hotspot\share\prims\jni.cpp, line 535]
Event: 4.640 Thread 0x0000024ef0308e50 Exception <a 'java/lang/NoSuchMethodError'{0x00000000c6c408f8}: 'double java.lang.invoke.DirectMethodHandle$Holder.invokeVirtual(java.lang.Object, java.lang.Object)'> (0x00000000c6c408f8) 
thrown [t:\workspace\open\src\hotspot\share\interpreter\linkResolver.cpp, line 766]

VM Operations (20 events):
Event: 3.041 Executing VM operation: HandshakeAllThreads done
Event: 3.122 Executing VM operation: HandshakeAllThreads
Event: 3.122 Executing VM operation: HandshakeAllThreads done
Event: 3.209 Executing VM operation: HandshakeAllThreads
Event: 3.210 Executing VM operation: HandshakeAllThreads done
Event: 3.223 Executing VM operation: G1CollectForAllocation
Event: 3.233 Executing VM operation: G1CollectForAllocation done
Event: 3.274 Executing VM operation: HandshakeAllThreads
Event: 3.274 Executing VM operation: HandshakeAllThreads done
Event: 4.281 Executing VM operation: Cleanup
Event: 4.281 Executing VM operation: Cleanup done
Event: 4.601 Executing VM operation: HandshakeAllThreads
Event: 4.601 Executing VM operation: HandshakeAllThreads done
Event: 4.602 Executing VM operation: HandshakeAllThreads
Event: 4.602 Executing VM operation: HandshakeAllThreads done
Event: 4.604 Executing VM operation: HandshakeAllThreads
Event: 4.604 Executing VM operation: HandshakeAllThreads done
Event: 4.610 Executing VM operation: CollectForMetadataAllocation
Event: 4.621 Executing VM operation: CollectForMetadataAllocation done
Event: 4.640 Executing VM operation: G1Concurrent

Events (20 events):
Event: 4.629 loading class sun/reflect/generics/repository/GenericDeclRepository done
Event: 4.629 loading class sun/reflect/generics/repository/ClassRepository done
Event: 4.629 loading class sun/reflect/generics/tree/FormalTypeParameter
Event: 4.629 loading class sun/reflect/generics/tree/FormalTypeParameter done
Event: 4.629 loading class sun/reflect/generics/tree/ClassSignature
Event: 4.630 loading class sun/reflect/generics/tree/Signature
Event: 4.630 loading class sun/reflect/generics/tree/Signature done
Event: 4.630 loading class sun/reflect/generics/tree/ClassSignature done
Event: 4.630 loading class sun/reflect/generics/reflectiveObjects/ParameterizedTypeImpl
Event: 4.630 loading class java/lang/reflect/ParameterizedType
Event: 4.630 loading class java/lang/reflect/ParameterizedType done
Event: 4.630 loading class sun/reflect/generics/reflectiveObjects/ParameterizedTypeImpl done
Event: 4.630 loading class java/lang/reflect/TypeVariable
Event: 4.631 loading class java/lang/reflect/TypeVariable done
Event: 4.631 loading class sun/reflect/generics/reflectiveObjects/TypeVariableImpl
Event: 4.631 loading class sun/reflect/generics/reflectiveObjects/LazyReflectiveObjectGenerator
Event: 4.631 loading class sun/reflect/generics/reflectiveObjects/LazyReflectiveObjectGenerator done
Event: 4.631 loading class sun/reflect/generics/reflectiveObjects/TypeVariableImpl done
Event: 4.631 loading class sun/reflect/generics/tree/TypeVariableSignature
Event: 4.631 loading class sun/reflect/generics/tree/TypeVariableSignature done


Dynamic libraries:
0x00007ff71f420000 - 0x00007ff71f430000 	C:\Program Files\Java\jdk-17.0.2\bin\java.exe
0x00007ffe6c190000 - 0x00007ffe6c385000 	C:\Windows\SYSTEM32\ntdll.dll
0x00007ffe6a840000 - 0x00007ffe6a8fd000 	C:\Windows\System32\KERNEL32.DLL
0x00007ffe69ae0000 - 0x00007ffe69dad000 	C:\Windows\System32\KERNELBASE.dll
0x00007ffe69e60000 - 0x00007ffe69f60000 	C:\Windows\System32\ucrtbase.dll
0x00007ffe63130000 - 0x00007ffe63148000 	C:\Program Files\Java\jdk-17.0.2\bin\jli.dll
0x00007ffe6b9d0000 - 0x00007ffe6ba7e000 	C:\Windows\System32\ADVAPI32.dll
0x00007ffe6a7a0000 - 0x00007ffe6a83e000 	C:\Windows\System32\msvcrt.dll
0x00007ffe6bfc0000 - 0x00007ffe6c05c000 	C:\Windows\System32\sechost.dll
0x00007ffe6a1e0000 - 0x00007ffe6a305000 	C:\Windows\System32\RPCRT4.dll
0x00007ffe5e560000 - 0x00007ffe5e7fa000 	C:\Windows\WinSxS\amd64_microsoft.windows.common-controls_6595b64144ccf1df_6.0.19041.1110_none_60b5254171f9507e\COMCTL32.dll
0x00007ffe6bd90000 - 0x00007ffe6bdba000 	C:\Windows\System32\GDI32.dll
0x00007ffe69f60000 - 0x00007ffe69f82000 	C:\Windows\System32\win32u.dll
0x00007ffe698a0000 - 0x00007ffe699ab000 	C:\Windows\System32\gdi32full.dll
0x00007ffe69a40000 - 0x00007ffe69add000 	C:\Windows\System32\msvcp_win.dll
0x00007ffe6ac00000 - 0x00007ffe6ada0000 	C:\Windows\System32\USER32.dll
0x00007ffe5af90000 - 0x00007ffe5af9a000 	C:\Windows\SYSTEM32\VERSION.dll
0x00007ffe63150000 - 0x00007ffe6316a000 	C:\Program Files\Java\jdk-17.0.2\bin\VCRUNTIME140.dll
0x00007ffe6ba80000 - 0x00007ffe6bab0000 	C:\Windows\System32\IMM32.DLL
0x00007ffe670c0000 - 0x00007ffe670cc000 	C:\Program Files\Java\jdk-17.0.2\bin\vcruntime140_1.dll
0x00007ffe566b0000 - 0x00007ffe5673d000 	C:\Program Files\Java\jdk-17.0.2\bin\msvcp140.dll
0x00007ffe3b5e0000 - 0x00007ffe3c1a1000 	C:\Program Files\Java\jdk-17.0.2\bin\server\jvm.dll
0x00007ffe6a310000 - 0x00007ffe6a318000 	C:\Windows\System32\PSAPI.DLL
0x00007ffe65420000 - 0x00007ffe65447000 	C:\Windows\SYSTEM32\WINMM.dll
0x00007ffe670b0000 - 0x00007ffe670b9000 	C:\Windows\SYSTEM32\WSOCK32.dll
0x00007ffe6a900000 - 0x00007ffe6a96b000 	C:\Windows\System32\WS2_32.dll
0x00007ffe677a0000 - 0x00007ffe677b2000 	C:\Windows\SYSTEM32\kernel.appcore.dll
0x00007ffe67090000 - 0x00007ffe6709a000 	C:\Program Files\Java\jdk-17.0.2\bin\jimage.dll
0x00007ffe58fb0000 - 0x00007ffe59194000 	C:\Windows\SYSTEM32\DBGHELP.DLL
0x00007ffe5b2f0000 - 0x00007ffe5b31c000 	C:\Windows\SYSTEM32\dbgcore.DLL
0x00007ffe699b0000 - 0x00007ffe69a32000 	C:\Windows\System32\bcryptPrimitives.dll
0x00007ffe643e0000 - 0x00007ffe643ee000 	C:\Program Files\Java\jdk-17.0.2\bin\instrument.dll
0x00007ffe63100000 - 0x00007ffe63125000 	C:\Program Files\Java\jdk-17.0.2\bin\java.dll
0x00007ffe565d0000 - 0x00007ffe566a6000 	C:\Program Files\Java\jdk-17.0.2\bin\jsvml.dll
0x00007ffe6b280000 - 0x00007ffe6b9c4000 	C:\Windows\System32\SHELL32.dll
0x00007ffe679a0000 - 0x00007ffe68134000 	C:\Windows\SYSTEM32\windows.storage.dll
0x00007ffe6ae00000 - 0x00007ffe6b154000 	C:\Windows\System32\combase.dll
0x00007ffe69230000 - 0x00007ffe6925c000 	C:\Windows\SYSTEM32\Wldp.dll
0x00007ffe6be20000 - 0x00007ffe6becd000 	C:\Windows\System32\SHCORE.dll
0x00007ffe6b210000 - 0x00007ffe6b265000 	C:\Windows\System32\shlwapi.dll
0x00007ffe697e0000 - 0x00007ffe697ff000 	C:\Windows\SYSTEM32\profapi.dll
0x00007ffe57b00000 - 0x00007ffe57b18000 	C:\Program Files\Java\jdk-17.0.2\bin\zip.dll
0x00007ffe630e0000 - 0x00007ffe630f9000 	C:\Program Files\Java\jdk-17.0.2\bin\net.dll
0x00007ffe5d6d0000 - 0x00007ffe5d7da000 	C:\Windows\SYSTEM32\WINHTTP.dll
0x00007ffe68f90000 - 0x00007ffe68ffa000 	C:\Windows\system32\mswsock.dll
0x00007ffe5f5a0000 - 0x00007ffe5f5b6000 	C:\Program Files\Java\jdk-17.0.2\bin\nio.dll
0x00007ffe564f0000 - 0x00007ffe5650a000 	C:\Program Files\JetBrains\IntelliJ IDEA Community Edition 2021.3.2\bin\breakgen64.dll
0x00007ffe68cc0000 - 0x00007ffe68d8b000 	C:\Windows\SYSTEM32\DNSAPI.dll
0x00007ffe68c80000 - 0x00007ffe68cbb000 	C:\Windows\SYSTEM32\IPHLPAPI.DLL
0x00007ffe6bfb0000 - 0x00007ffe6bfb8000 	C:\Windows\System32\NSI.dll
0x00007ffe5d230000 - 0x00007ffe5d23a000 	C:\Windows\System32\rasadhlp.dll
0x00007ffe5d650000 - 0x00007ffe5d6d0000 	C:\Windows\System32\fwpuclnt.dll
0x00007ffe6a1b0000 - 0x00007ffe6a1d7000 	C:\Windows\System32\bcrypt.dll
0x00007ffe64360000 - 0x00007ffe64370000 	C:\Program Files\Java\jdk-17.0.2\bin\verify.dll
0x00007ffe606b0000 - 0x00007ffe606b9000 	C:\Program Files\Java\jdk-17.0.2\bin\management.dll
0x00007ffe604c0000 - 0x00007ffe604cb000 	C:\Program Files\Java\jdk-17.0.2\bin\management_ext.dll
0x00007ffe5f590000 - 0x00007ffe5f59e000 	C:\Program Files\Java\jdk-17.0.2\bin\sunmscapi.dll
0x00007ffe6a000000 - 0x00007ffe6a156000 	C:\Windows\System32\CRYPT32.dll
0x00007ffe692a0000 - 0x00007ffe692c7000 	C:\Windows\SYSTEM32\ncrypt.dll
0x00007ffe69260000 - 0x00007ffe6929b000 	C:\Windows\SYSTEM32\NTASN1.dll
0x00007ffe69180000 - 0x00007ffe69198000 	C:\Windows\SYSTEM32\CRYPTSP.dll
0x00007ffe68910000 - 0x00007ffe68944000 	C:\Windows\system32\rsaenh.dll
0x00007ffe697a0000 - 0x00007ffe697ce000 	C:\Windows\SYSTEM32\USERENV.dll
0x00007ffe691a0000 - 0x00007ffe691ac000 	C:\Windows\SYSTEM32\CRYPTBASE.dll
0x00007ffe620e0000 - 0x00007ffe620f7000 	C:\Windows\SYSTEM32\dhcpcsvc6.DLL
0x00007ffe625e0000 - 0x00007ffe625fd000 	C:\Windows\SYSTEM32\dhcpcsvc.DLL
0x00007ffe57910000 - 0x00007ffe57917000 	C:\Windows\system32\wshunix.dll

dbghelp: loaded successfully - version: 4.0.5 - missing functions: none
symbol engine: initialized successfully - sym options: 0x614 - pdb path: .;C:\Program Files\Java\jdk-17.0.2\bin;C:\Windows\SYSTEM32;C:\Windows\WinSxS\amd64_microsoft.windows.common-controls_6595b64144ccf1df_6.0.19041.1110_none_60b5254171f9507e;C:\Program Files\Java\jdk-17.0.2\bin\server;C:\Program Files\JetBrains\IntelliJ IDEA Community Edition 2021.3.2\bin

VM Arguments:
jvm_args: -javaagent:C:\Program Files\JetBrains\IntelliJ IDEA Community Edition 2021.3.2\lib\idea_rt.jar=55734:C:\Program Files\JetBrains\IntelliJ IDEA Community Edition 2021.3.2\bin -Dfile.encoding=UTF-8 
java_command: com.NEWKITE.TestClassKite
java_class_path (initial): C:\Users\BusinessComputers.in\IdeaProjects\selenium_project_26march_b\out\production\selenium_project_26march_b;C:\seleneniumpc\lib\jtoml-2.0.0.jar;C:\seleneniumpc\lib\jsr305-3.0.2.jar;C:\seleneniumpc\lib\failsafe-3.2.3.jar;C:\seleneniumpc\lib\guava-31.1-jre.jar;C:\seleneniumpc\lib\jcommander-1.82.jar;C:\seleneniumpc\lib\commons-exec-1.3.jar;C:\seleneniumpc\lib\slf4j-api-1.7.36.jar;C:\seleneniumpc\lib\auto-common-1.2.1.jar;C:\seleneniumpc\lib\byte-buddy-1.12.9.jar;C:\seleneniumpc\lib\auto-service-1.0.1.jar;C:\seleneniumpc\lib\checker-qual-3.12.0.jar;C:\seleneniumpc\lib\failureaccess-1.0.1.jar;C:\seleneniumpc\lib\j2objc-annotations-1.3.jar;C:\seleneniumpc\lib\reactive-streams-1.0.3.jar;C:\seleneniumpc\lib\async-http-client-2.12.3.jar;C:\seleneniumpc\lib\jakarta.activation-1.2.2.jar;C:\seleneniumpc\lib\netty-codec-4.1.76.Final.jar;C:\seleneniumpc\lib\opentelemetry-api-1.13.0.jar;C:\seleneniumpc\lib\opentelemetry-sdk-1.13.0.jar;C:\seleneniumpc\lib\netty-buffer-4.1.76.Final.jar;C:\seleneniumpc\lib\netty-common-4.1.76.Final.jar;C:\seleneniumpc\lib\netty-handler-4.1.76.Final.jar;C:\seleneniumpc\lib\netty-resolver-4.1.76.Final.jar;C:\seleneniumpc\lib\netty-reactive-streams-2.0.4.jar;C:\seleneniumpc\lib\netty-transport-4.1.76.Final.jar;C:\seleneniumpc\lib\opentelemetry-context-1.13.0.jar;C:\seleneniumpc\lib\netty-codec-http-4.1.76.Final.jar;C:\seleneniumpc\lib\auto-service-annotations-1.0.1.jar;C:\seleneniumpc\lib\error_prone_annotations-2.11.0.jar;C:\seleneniumpc\lib\netty-codec-socks-4.1.76.Final.jar;C:\seleneniumpc\lib\opentelemetry-sdk-trace-1.13.0.jar;C:\seleneniumpc\lib\opentelemetry-sdk-common-1.13.0.jar;C:\seleneniumpc\lib\netty-handler-proxy-4.1.76.Final.jar;C:\seleneniumpc\lib\opentelemetry-semconv-1.13.0-alpha.jar;C:\seleneniumpc\lib\opentelemetry-sdk-logs-1.13.0-alpha.jar;C:\seleneniumpc\lib\async-http-client-netty-utils-2.12.3.jar;C:\seleneniumpc\lib\opentelemetry-exporter-logging-1.13.0.jar;C:\seleneniumpc\lib\opentelemetry-sdk-met
Launcher Type: SUN_STANDARD

[Global flags]
     intx CICompilerCount                          = 3                                         {product} {ergonomic}
     uint ConcGCThreads                            = 1                                         {product} {ergonomic}
     uint G1ConcRefinementThreads                  = 4                                         {product} {ergonomic}
   size_t G1HeapRegionSize                         = 1048576                                   {product} {ergonomic}
    uintx GCDrainStackTargetSize                   = 64                                        {product} {ergonomic}
   size_t InitialHeapSize                          = 67108864                                  {product} {ergonomic}
   size_t MarkStackSize                            = 4194304                                   {product} {ergonomic}
   size_t MaxHeapSize                              = 1042284544                                {product} {ergonomic}
   size_t MaxNewSize                               = 624951296                                 {product} {ergonomic}
   size_t MinHeapDeltaBytes                        = 1048576                                   {product} {ergonomic}
   size_t MinHeapSize                              = 8388608                                   {product} {ergonomic}
    uintx NonNMethodCodeHeapSize                   = 5832780                                {pd product} {ergonomic}
    uintx NonProfiledCodeHeapSize                  = 122912730                              {pd product} {ergonomic}
    uintx ProfiledCodeHeapSize                     = 122912730                              {pd product} {ergonomic}
    uintx ReservedCodeCacheSize                    = 251658240                              {pd product} {ergonomic}
     bool SegmentedCodeCache                       = true                                      {product} {ergonomic}
   size_t SoftMaxHeapSize                          = 1042284544                             {manageable} {ergonomic}
     bool UseCompressedClassPointers               = true                           {product lp64_product} {ergonomic}
     bool UseCompressedOops                        = true                           {product lp64_product} {ergonomic}
     bool UseG1GC                                  = true                                      {product} {ergonomic}
     bool UseLargePagesIndividualAllocation        = false                                  {pd product} {ergonomic}

Logging:
Log output configuration:
 #0: stdout all=warning uptime,level,tags
 #1: stderr all=off uptime,level,tags

Environment Variables:
JAVA_HOME=C:\Program Files\Java\jdk-17.0.2
PATH=C:\oraclexe\app\oracle\product\10.2.0\server\bin;C:\Program Files\Eclipse Adoptium\jdk-17.0.2.8-hotspot\bin;C:\Program Files\Common Files\Oracle\Java\javapath;C:\Windows\system32;C:\Windows;C:\Windows\System32\Wbem;C:\Windows\System32\WindowsPowerShell\v1.0\;C:\Windows\System32\OpenSSH\;C:\Program Files\Java\jdk-17.0.2\bin;C:\Program Files\Java\jdk-17.0.2\bin;C:\Users\BusinessComputers.in\AppData\Local\Microsoft\WindowsApps;
USERNAME=BusinessComputers.in
OS=Windows_NT
PROCESSOR_IDENTIFIER=Intel64 Family 6 Model 58 Stepping 9, GenuineIntel



---------------  S Y S T E M  ---------------

OS:
 Windows 10 , 64 bit Build 19041 (10.0.19041.1706)
OS uptime: 25 days 20:36 hours

CPU: total 4 (initial active 4) (2 cores per cpu, 2 threads per core) family 6 model 58 stepping 9 microcode 0x21, cx8, cmov, fxsr, ht, mmx, sse, sse2, sse3, ssse3, sse4.1, sse4.2, popcnt, tsc, tscinvbit, avx, aes, erms, clmul, vzeroupper, clflush

Memory: 4k page, system-wide physical 3969M (371M free)
TotalPageFile size 15754M (AvailPageFile size 925M)
current process WorkingSet (physical memory assigned to process): 128M, peak: 128M
current process commit charge ("private bytes"): 195M, peak: 195M

vm_info: Java HotSpot(TM) 64-Bit Server VM (17.0.2+8-LTS-86) for windows-amd64 JRE (17.0.2+8-LTS-86), built on Dec  7 2021 21:51:03 by "mach5one" with MS VC++ 16.8 / 16.9 (VS2019)

END.
